<?xml version="1.0" encoding="UTF-8"?>
<!-- Generated by org.testng.reporters.JUnitXMLReporter -->
<testsuite hostname="C02LQ1NKFD59" name="Default test" tests="7" failures="0" timestamp="10 Apr 2019 15:04:36 GMT" time="15.601" errors="0">
  <testcase name="search_item_main_page" time="3.358" classname="com.walmart.page.TestCaseEngine"/>
  <testcase name="click_item_on_search_result" time="0.102" classname="com.walmart.page.TestCaseEngine"/>
  <testcase name="check_item_image_displayed" time="2.439" classname="com.walmart.page.TestCaseEngine"/>
  <testcase name="verify_add_to_cart_label" time="0.028" classname="com.walmart.page.TestCaseEngine"/>
  <testcase name="validate_find_in_store_label" time="0.026" classname="com.walmart.page.TestCaseEngine"/>
  <testcase name="validate_cart_quantity_not_negative" time="0.02" classname="com.walmart.page.TestCaseEngine"/>
  <testcase name="add_item_to_cart" time="2.113" classname="com.walmart.page.TestCaseEngine"/>
</testsuite> <!-- Default test -->
